<?xml version="1.0" encoding="UTF-8"?>
<!-- Generated by org.testng.reporters.JUnitReportReporter -->
<testsuite hostname="DESKTOP-08V9D63" failures="0" tests="1" name="testScript.LoginTest" time="5.847" errors="0" timestamp="2024-12-31T10:59:20 IST" skipped="0">
  <testcase classname="testScript.LoginTest" name="verifyTheUserIsAbleToLoginUsingValidCredentials" time="5.847"/>
</testsuite> <!-- testScript.LoginTest -->
