<?xml version="1.0" encoding="UTF-8"?>
<!-- Generated by org.testng.reporters.JUnitReportReporter -->
<testsuite hostname="DESKTOP-08V9D63" failures="0" tests="1" name="testScript.ManageNewsTest" time="8.328" errors="0" timestamp="2024-12-31T17:03:08 IST" skipped="0">
  <testcase classname="testScript.ManageNewsTest" name="verifyWhetherTheUserIsAbleToCreateNews" time="8.328"/>
</testsuite> <!-- testScript.ManageNewsTest -->
