<?xml version="1.0" encoding="UTF-8"?>
<!-- Generated by org.testng.reporters.JUnitReportReporter -->
<testsuite hostname="DESKTOP-08V9D63" failures="0" tests="1" name="testScript.LoginTest" time="4.179" errors="0" timestamp="2024-12-31T17:49:46 IST" skipped="0">
  <testcase classname="testScript.LoginTest" name="verifyTheUserIsAbleToLoginUsingValidCredentials" time="4.179"/>
</testsuite> <!-- testScript.LoginTest -->
